<?xml version="1.0" encoding="UTF-8"?>
<!-- Generated by org.testng.reporters.JUnitReportReporter -->
<testsuite skipped="0" hostname="DESKTOP-H5F964P" name="com.nexttech.testrunner.TestNGTestrunner$TestRunner" tests="1" failures="0" timestamp="25 Dec 2020 01:59:44 GMT" time="14.143" errors="0">
  <testcase name="feature" time="14.143" classname="com.nexttech.testrunner.TestNGTestrunner$TestRunner"/>
</testsuite> <!-- com.nexttech.testrunner.TestNGTestrunner$TestRunner -->
